  [1m[36m (1.4ms)[0m  [1mCREATE TABLE "schema_migrations" ("version" varchar NOT NULL) [0m
  [1m[35m (0.1ms)[0m  select sqlite_version(*)
  [1m[36m (1.1ms)[0m  [1mCREATE UNIQUE INDEX "unique_schema_migrations" ON "schema_migrations" ("version")[0m
  [1m[35mActiveRecord::SchemaMigration Load (0.1ms)[0m  SELECT "schema_migrations".* FROM "schema_migrations"


Started GET "/" for ::1 at 2015-11-16 16:12:00 -0600
Processing by Rails::WelcomeController#index as HTML
  Rendered /Users/admin/.rvm/gems/ruby-2.1.2/gems/railties-4.2.3/lib/rails/templates/rails/welcome/index.html.erb (1.9ms)
Completed 200 OK in 48ms (Views: 36.7ms | ActiveRecord: 0.0ms)


Started GET "/about" for ::1 at 2017-08-11 13:25:03 -0400

ActionController::RoutingError (No route matches [GET] "/about"):
  actionpack (4.2.3) lib/action_dispatch/middleware/debug_exceptions.rb:21:in `call'
  web-console (2.2.1) lib/web_console/middleware.rb:39:in `call'
  actionpack (4.2.3) lib/action_dispatch/middleware/show_exceptions.rb:30:in `call'
  railties (4.2.3) lib/rails/rack/logger.rb:38:in `call_app'
  railties (4.2.3) lib/rails/rack/logger.rb:20:in `block in call'
  activesupport (4.2.3) lib/active_support/tagged_logging.rb:68:in `block in tagged'
  activesupport (4.2.3) lib/active_support/tagged_logging.rb:26:in `tagged'
  activesupport (4.2.3) lib/active_support/tagged_logging.rb:68:in `tagged'
  railties (4.2.3) lib/rails/rack/logger.rb:20:in `call'
  actionpack (4.2.3) lib/action_dispatch/middleware/request_id.rb:21:in `call'
  rack (1.6.4) lib/rack/methodoverride.rb:22:in `call'
  rack (1.6.4) lib/rack/runtime.rb:18:in `call'
  activesupport (4.2.3) lib/active_support/cache/strategy/local_cache_middleware.rb:28:in `call'
  rack (1.6.4) lib/rack/lock.rb:17:in `call'
  actionpack (4.2.3) lib/action_dispatch/middleware/static.rb:116:in `call'
  rack (1.6.4) lib/rack/sendfile.rb:113:in `call'
  railties (4.2.3) lib/rails/engine.rb:518:in `call'
  railties (4.2.3) lib/rails/application.rb:165:in `call'
  rack (1.6.4) lib/rack/lock.rb:17:in `call'
  rack (1.6.4) lib/rack/content_length.rb:15:in `call'
  rack (1.6.4) lib/rack/handler/webrick.rb:88:in `service'
  /Users/martinaweidenbaum1/.rvm/rubies/ruby-2.3.1/lib/ruby/2.3.0/webrick/httpserver.rb:140:in `service'
  /Users/martinaweidenbaum1/.rvm/rubies/ruby-2.3.1/lib/ruby/2.3.0/webrick/httpserver.rb:96:in `run'
  /Users/martinaweidenbaum1/.rvm/rubies/ruby-2.3.1/lib/ruby/2.3.0/webrick/server.rb:296:in `block in start_thread'


  Rendered /Users/martinaweidenbaum1/.rvm/gems/ruby-2.3.1/gems/actionpack-4.2.3/lib/action_dispatch/middleware/templates/rescues/_trace.html.erb (1.0ms)
  Rendered /Users/martinaweidenbaum1/.rvm/gems/ruby-2.3.1/gems/actionpack-4.2.3/lib/action_dispatch/middleware/templates/routes/_table.html.erb (6.9ms)
  Rendered /Users/martinaweidenbaum1/.rvm/gems/ruby-2.3.1/gems/actionpack-4.2.3/lib/action_dispatch/middleware/templates/rescues/_request_and_response.html.erb (7.2ms)
  Rendered /Users/martinaweidenbaum1/.rvm/gems/ruby-2.3.1/gems/actionpack-4.2.3/lib/action_dispatch/middleware/templates/rescues/routing_error.html.erb within rescues/layout (56.9ms)
  Rendered /Users/martinaweidenbaum1/.rvm/gems/ruby-2.3.1/gems/web-console-2.2.1/lib/web_console/templates/_markup.html.erb (0.6ms)
  Rendered /Users/martinaweidenbaum1/.rvm/gems/ruby-2.3.1/gems/web-console-2.2.1/lib/web_console/templates/_inner_console_markup.html.erb within layouts/inlined_string (0.3ms)
  Rendered /Users/martinaweidenbaum1/.rvm/gems/ruby-2.3.1/gems/web-console-2.2.1/lib/web_console/templates/_prompt_box_markup.html.erb within layouts/inlined_string (0.2ms)
  Rendered /Users/martinaweidenbaum1/.rvm/gems/ruby-2.3.1/gems/web-console-2.2.1/lib/web_console/templates/style.css.erb within layouts/inlined_string (0.3ms)
  Rendered /Users/martinaweidenbaum1/.rvm/gems/ruby-2.3.1/gems/web-console-2.2.1/lib/web_console/templates/console.js.erb within layouts/javascript (39.2ms)
  Rendered /Users/martinaweidenbaum1/.rvm/gems/ruby-2.3.1/gems/web-console-2.2.1/lib/web_console/templates/main.js.erb within layouts/javascript (0.3ms)
  Rendered /Users/martinaweidenbaum1/.rvm/gems/ruby-2.3.1/gems/web-console-2.2.1/lib/web_console/templates/error_page.js.erb within layouts/javascript (0.3ms)
  Rendered /Users/martinaweidenbaum1/.rvm/gems/ruby-2.3.1/gems/web-console-2.2.1/lib/web_console/templates/index.html.erb (88.8ms)


Started GET "/about" for ::1 at 2017-08-11 13:25:33 -0400

ActionController::RoutingError (No route matches [GET] "/about"):
  actionpack (4.2.3) lib/action_dispatch/middleware/debug_exceptions.rb:21:in `call'
  web-console (2.2.1) lib/web_console/middleware.rb:39:in `call'
  actionpack (4.2.3) lib/action_dispatch/middleware/show_exceptions.rb:30:in `call'
  railties (4.2.3) lib/rails/rack/logger.rb:38:in `call_app'
  railties (4.2.3) lib/rails/rack/logger.rb:20:in `block in call'
  activesupport (4.2.3) lib/active_support/tagged_logging.rb:68:in `block in tagged'
  activesupport (4.2.3) lib/active_support/tagged_logging.rb:26:in `tagged'
  activesupport (4.2.3) lib/active_support/tagged_logging.rb:68:in `tagged'
  railties (4.2.3) lib/rails/rack/logger.rb:20:in `call'
  actionpack (4.2.3) lib/action_dispatch/middleware/request_id.rb:21:in `call'
  rack (1.6.4) lib/rack/methodoverride.rb:22:in `call'
  rack (1.6.4) lib/rack/runtime.rb:18:in `call'
  activesupport (4.2.3) lib/active_support/cache/strategy/local_cache_middleware.rb:28:in `call'
  rack (1.6.4) lib/rack/lock.rb:17:in `call'
  actionpack (4.2.3) lib/action_dispatch/middleware/static.rb:116:in `call'
  rack (1.6.4) lib/rack/sendfile.rb:113:in `call'
  railties (4.2.3) lib/rails/engine.rb:518:in `call'
  railties (4.2.3) lib/rails/application.rb:165:in `call'
  rack (1.6.4) lib/rack/lock.rb:17:in `call'
  rack (1.6.4) lib/rack/content_length.rb:15:in `call'
  rack (1.6.4) lib/rack/handler/webrick.rb:88:in `service'
  /Users/martinaweidenbaum1/.rvm/rubies/ruby-2.3.1/lib/ruby/2.3.0/webrick/httpserver.rb:140:in `service'
  /Users/martinaweidenbaum1/.rvm/rubies/ruby-2.3.1/lib/ruby/2.3.0/webrick/httpserver.rb:96:in `run'
  /Users/martinaweidenbaum1/.rvm/rubies/ruby-2.3.1/lib/ruby/2.3.0/webrick/server.rb:296:in `block in start_thread'


  Rendered /Users/martinaweidenbaum1/.rvm/gems/ruby-2.3.1/gems/actionpack-4.2.3/lib/action_dispatch/middleware/templates/rescues/_trace.html.erb (1.1ms)
  Rendered /Users/martinaweidenbaum1/.rvm/gems/ruby-2.3.1/gems/actionpack-4.2.3/lib/action_dispatch/middleware/templates/routes/_table.html.erb (1.0ms)
  Rendered /Users/martinaweidenbaum1/.rvm/gems/ruby-2.3.1/gems/actionpack-4.2.3/lib/action_dispatch/middleware/templates/rescues/_request_and_response.html.erb (1.0ms)
  Rendered /Users/martinaweidenbaum1/.rvm/gems/ruby-2.3.1/gems/actionpack-4.2.3/lib/action_dispatch/middleware/templates/rescues/routing_error.html.erb within rescues/layout (41.8ms)
  Rendered /Users/martinaweidenbaum1/.rvm/gems/ruby-2.3.1/gems/web-console-2.2.1/lib/web_console/templates/_markup.html.erb (0.3ms)
  Rendered /Users/martinaweidenbaum1/.rvm/gems/ruby-2.3.1/gems/web-console-2.2.1/lib/web_console/templates/_inner_console_markup.html.erb within layouts/inlined_string (0.3ms)
  Rendered /Users/martinaweidenbaum1/.rvm/gems/ruby-2.3.1/gems/web-console-2.2.1/lib/web_console/templates/_prompt_box_markup.html.erb within layouts/inlined_string (0.3ms)
  Rendered /Users/martinaweidenbaum1/.rvm/gems/ruby-2.3.1/gems/web-console-2.2.1/lib/web_console/templates/style.css.erb within layouts/inlined_string (0.3ms)
  Rendered /Users/martinaweidenbaum1/.rvm/gems/ruby-2.3.1/gems/web-console-2.2.1/lib/web_console/templates/console.js.erb within layouts/javascript (37.2ms)
  Rendered /Users/martinaweidenbaum1/.rvm/gems/ruby-2.3.1/gems/web-console-2.2.1/lib/web_console/templates/main.js.erb within layouts/javascript (0.3ms)
  Rendered /Users/martinaweidenbaum1/.rvm/gems/ruby-2.3.1/gems/web-console-2.2.1/lib/web_console/templates/error_page.js.erb within layouts/javascript (0.3ms)
  Rendered /Users/martinaweidenbaum1/.rvm/gems/ruby-2.3.1/gems/web-console-2.2.1/lib/web_console/templates/index.html.erb (83.9ms)


Started GET "/hello_world" for ::1 at 2017-08-11 13:25:45 -0400

ActionController::RoutingError (No route matches [GET] "/hello_world"):
  actionpack (4.2.3) lib/action_dispatch/middleware/debug_exceptions.rb:21:in `call'
  web-console (2.2.1) lib/web_console/middleware.rb:39:in `call'
  actionpack (4.2.3) lib/action_dispatch/middleware/show_exceptions.rb:30:in `call'
  railties (4.2.3) lib/rails/rack/logger.rb:38:in `call_app'
  railties (4.2.3) lib/rails/rack/logger.rb:20:in `block in call'
  activesupport (4.2.3) lib/active_support/tagged_logging.rb:68:in `block in tagged'
  activesupport (4.2.3) lib/active_support/tagged_logging.rb:26:in `tagged'
  activesupport (4.2.3) lib/active_support/tagged_logging.rb:68:in `tagged'
  railties (4.2.3) lib/rails/rack/logger.rb:20:in `call'
  actionpack (4.2.3) lib/action_dispatch/middleware/request_id.rb:21:in `call'
  rack (1.6.4) lib/rack/methodoverride.rb:22:in `call'
  rack (1.6.4) lib/rack/runtime.rb:18:in `call'
  activesupport (4.2.3) lib/active_support/cache/strategy/local_cache_middleware.rb:28:in `call'
  rack (1.6.4) lib/rack/lock.rb:17:in `call'
  actionpack (4.2.3) lib/action_dispatch/middleware/static.rb:116:in `call'
  rack (1.6.4) lib/rack/sendfile.rb:113:in `call'
  railties (4.2.3) lib/rails/engine.rb:518:in `call'
  railties (4.2.3) lib/rails/application.rb:165:in `call'
  rack (1.6.4) lib/rack/lock.rb:17:in `call'
  rack (1.6.4) lib/rack/content_length.rb:15:in `call'
  rack (1.6.4) lib/rack/handler/webrick.rb:88:in `service'
  /Users/martinaweidenbaum1/.rvm/rubies/ruby-2.3.1/lib/ruby/2.3.0/webrick/httpserver.rb:140:in `service'
  /Users/martinaweidenbaum1/.rvm/rubies/ruby-2.3.1/lib/ruby/2.3.0/webrick/httpserver.rb:96:in `run'
  /Users/martinaweidenbaum1/.rvm/rubies/ruby-2.3.1/lib/ruby/2.3.0/webrick/server.rb:296:in `block in start_thread'


  Rendered /Users/martinaweidenbaum1/.rvm/gems/ruby-2.3.1/gems/actionpack-4.2.3/lib/action_dispatch/middleware/templates/rescues/_trace.html.erb (1.0ms)
  Rendered /Users/martinaweidenbaum1/.rvm/gems/ruby-2.3.1/gems/actionpack-4.2.3/lib/action_dispatch/middleware/templates/routes/_table.html.erb (0.9ms)
  Rendered /Users/martinaweidenbaum1/.rvm/gems/ruby-2.3.1/gems/actionpack-4.2.3/lib/action_dispatch/middleware/templates/rescues/_request_and_response.html.erb (1.9ms)
  Rendered /Users/martinaweidenbaum1/.rvm/gems/ruby-2.3.1/gems/actionpack-4.2.3/lib/action_dispatch/middleware/templates/rescues/routing_error.html.erb within rescues/layout (40.9ms)
  Rendered /Users/martinaweidenbaum1/.rvm/gems/ruby-2.3.1/gems/web-console-2.2.1/lib/web_console/templates/_markup.html.erb (0.3ms)
  Rendered /Users/martinaweidenbaum1/.rvm/gems/ruby-2.3.1/gems/web-console-2.2.1/lib/web_console/templates/_inner_console_markup.html.erb within layouts/inlined_string (0.3ms)
  Rendered /Users/martinaweidenbaum1/.rvm/gems/ruby-2.3.1/gems/web-console-2.2.1/lib/web_console/templates/_prompt_box_markup.html.erb within layouts/inlined_string (0.3ms)
  Rendered /Users/martinaweidenbaum1/.rvm/gems/ruby-2.3.1/gems/web-console-2.2.1/lib/web_console/templates/style.css.erb within layouts/inlined_string (0.3ms)
  Rendered /Users/martinaweidenbaum1/.rvm/gems/ruby-2.3.1/gems/web-console-2.2.1/lib/web_console/templates/console.js.erb within layouts/javascript (38.6ms)
  Rendered /Users/martinaweidenbaum1/.rvm/gems/ruby-2.3.1/gems/web-console-2.2.1/lib/web_console/templates/main.js.erb within layouts/javascript (0.3ms)
  Rendered /Users/martinaweidenbaum1/.rvm/gems/ruby-2.3.1/gems/web-console-2.2.1/lib/web_console/templates/error_page.js.erb within layouts/javascript (0.4ms)
  Rendered /Users/martinaweidenbaum1/.rvm/gems/ruby-2.3.1/gems/web-console-2.2.1/lib/web_console/templates/index.html.erb (81.5ms)


Started GET "/hello_world" for ::1 at 2017-08-11 13:36:17 -0400

AbstractController::ActionNotFound (The action 'about' could not be found for StaticController):
  actionpack (4.2.3) lib/abstract_controller/base.rb:132:in `process'
  actionview (4.2.3) lib/action_view/rendering.rb:30:in `process'
  actionpack (4.2.3) lib/action_controller/metal.rb:196:in `dispatch'
  actionpack (4.2.3) lib/action_controller/metal/rack_delegation.rb:13:in `dispatch'
  actionpack (4.2.3) lib/action_controller/metal.rb:237:in `block in action'
  actionpack (4.2.3) lib/action_dispatch/routing/route_set.rb:76:in `dispatch'
  actionpack (4.2.3) lib/action_dispatch/routing/route_set.rb:45:in `serve'
  actionpack (4.2.3) lib/action_dispatch/journey/router.rb:43:in `block in serve'
  actionpack (4.2.3) lib/action_dispatch/journey/router.rb:30:in `each'
  actionpack (4.2.3) lib/action_dispatch/journey/router.rb:30:in `serve'
  actionpack (4.2.3) lib/action_dispatch/routing/route_set.rb:821:in `call'
  rack (1.6.4) lib/rack/etag.rb:24:in `call'
  rack (1.6.4) lib/rack/conditionalget.rb:25:in `call'
  rack (1.6.4) lib/rack/head.rb:13:in `call'
  actionpack (4.2.3) lib/action_dispatch/middleware/params_parser.rb:27:in `call'
  actionpack (4.2.3) lib/action_dispatch/middleware/flash.rb:260:in `call'
  rack (1.6.4) lib/rack/session/abstract/id.rb:225:in `context'
  rack (1.6.4) lib/rack/session/abstract/id.rb:220:in `call'
  actionpack (4.2.3) lib/action_dispatch/middleware/cookies.rb:560:in `call'
  activerecord (4.2.3) lib/active_record/query_cache.rb:36:in `call'
  activerecord (4.2.3) lib/active_record/connection_adapters/abstract/connection_pool.rb:653:in `call'
  activerecord (4.2.3) lib/active_record/migration.rb:377:in `call'
  actionpack (4.2.3) lib/action_dispatch/middleware/callbacks.rb:29:in `block in call'
  activesupport (4.2.3) lib/active_support/callbacks.rb:84:in `run_callbacks'
  actionpack (4.2.3) lib/action_dispatch/middleware/callbacks.rb:27:in `call'
  actionpack (4.2.3) lib/action_dispatch/middleware/reloader.rb:73:in `call'
  actionpack (4.2.3) lib/action_dispatch/middleware/remote_ip.rb:78:in `call'
  actionpack (4.2.3) lib/action_dispatch/middleware/debug_exceptions.rb:17:in `call'
  web-console (2.2.1) lib/web_console/middleware.rb:39:in `call'
  actionpack (4.2.3) lib/action_dispatch/middleware/show_exceptions.rb:30:in `call'
  railties (4.2.3) lib/rails/rack/logger.rb:38:in `call_app'
  railties (4.2.3) lib/rails/rack/logger.rb:20:in `block in call'
  activesupport (4.2.3) lib/active_support/tagged_logging.rb:68:in `block in tagged'
  activesupport (4.2.3) lib/active_support/tagged_logging.rb:26:in `tagged'
  activesupport (4.2.3) lib/active_support/tagged_logging.rb:68:in `tagged'
  railties (4.2.3) lib/rails/rack/logger.rb:20:in `call'
  actionpack (4.2.3) lib/action_dispatch/middleware/request_id.rb:21:in `call'
  rack (1.6.4) lib/rack/methodoverride.rb:22:in `call'
  rack (1.6.4) lib/rack/runtime.rb:18:in `call'
  activesupport (4.2.3) lib/active_support/cache/strategy/local_cache_middleware.rb:28:in `call'
  rack (1.6.4) lib/rack/lock.rb:17:in `call'
  actionpack (4.2.3) lib/action_dispatch/middleware/static.rb:116:in `call'
  rack (1.6.4) lib/rack/sendfile.rb:113:in `call'
  railties (4.2.3) lib/rails/engine.rb:518:in `call'
  railties (4.2.3) lib/rails/application.rb:165:in `call'
  rack (1.6.4) lib/rack/lock.rb:17:in `call'
  rack (1.6.4) lib/rack/content_length.rb:15:in `call'
  rack (1.6.4) lib/rack/handler/webrick.rb:88:in `service'
  /Users/martinaweidenbaum1/.rvm/rubies/ruby-2.3.1/lib/ruby/2.3.0/webrick/httpserver.rb:140:in `service'
  /Users/martinaweidenbaum1/.rvm/rubies/ruby-2.3.1/lib/ruby/2.3.0/webrick/httpserver.rb:96:in `run'
  /Users/martinaweidenbaum1/.rvm/rubies/ruby-2.3.1/lib/ruby/2.3.0/webrick/server.rb:296:in `block in start_thread'


  Rendered /Users/martinaweidenbaum1/.rvm/gems/ruby-2.3.1/gems/actionpack-4.2.3/lib/action_dispatch/middleware/templates/rescues/unknown_action.html.erb within rescues/layout (0.4ms)
  Rendered /Users/martinaweidenbaum1/.rvm/gems/ruby-2.3.1/gems/web-console-2.2.1/lib/web_console/templates/_markup.html.erb (0.7ms)
  Rendered /Users/martinaweidenbaum1/.rvm/gems/ruby-2.3.1/gems/web-console-2.2.1/lib/web_console/templates/_inner_console_markup.html.erb within layouts/inlined_string (0.4ms)
  Rendered /Users/martinaweidenbaum1/.rvm/gems/ruby-2.3.1/gems/web-console-2.2.1/lib/web_console/templates/_prompt_box_markup.html.erb within layouts/inlined_string (0.3ms)
  Rendered /Users/martinaweidenbaum1/.rvm/gems/ruby-2.3.1/gems/web-console-2.2.1/lib/web_console/templates/style.css.erb within layouts/inlined_string (0.3ms)
  Rendered /Users/martinaweidenbaum1/.rvm/gems/ruby-2.3.1/gems/web-console-2.2.1/lib/web_console/templates/console.js.erb within layouts/javascript (39.7ms)
  Rendered /Users/martinaweidenbaum1/.rvm/gems/ruby-2.3.1/gems/web-console-2.2.1/lib/web_console/templates/main.js.erb within layouts/javascript (0.3ms)
  Rendered /Users/martinaweidenbaum1/.rvm/gems/ruby-2.3.1/gems/web-console-2.2.1/lib/web_console/templates/error_page.js.erb within layouts/javascript (0.6ms)
  Rendered /Users/martinaweidenbaum1/.rvm/gems/ruby-2.3.1/gems/web-console-2.2.1/lib/web_console/templates/index.html.erb (91.4ms)


Started GET "/hello_world" for ::1 at 2017-08-11 13:36:35 -0400

ActionController::RoutingError (uninitialized constant ViewsController):
  activesupport (4.2.3) lib/active_support/inflector/methods.rb:261:in `const_get'
  activesupport (4.2.3) lib/active_support/inflector/methods.rb:261:in `block in constantize'
  activesupport (4.2.3) lib/active_support/inflector/methods.rb:259:in `each'
  activesupport (4.2.3) lib/active_support/inflector/methods.rb:259:in `inject'
  activesupport (4.2.3) lib/active_support/inflector/methods.rb:259:in `constantize'
  actionpack (4.2.3) lib/action_dispatch/routing/route_set.rb:72:in `controller_reference'
  actionpack (4.2.3) lib/action_dispatch/routing/route_set.rb:62:in `controller'
  actionpack (4.2.3) lib/action_dispatch/routing/route_set.rb:41:in `serve'
  actionpack (4.2.3) lib/action_dispatch/journey/router.rb:43:in `block in serve'
  actionpack (4.2.3) lib/action_dispatch/journey/router.rb:30:in `each'
  actionpack (4.2.3) lib/action_dispatch/journey/router.rb:30:in `serve'
  actionpack (4.2.3) lib/action_dispatch/routing/route_set.rb:821:in `call'
  rack (1.6.4) lib/rack/etag.rb:24:in `call'
  rack (1.6.4) lib/rack/conditionalget.rb:25:in `call'
  rack (1.6.4) lib/rack/head.rb:13:in `call'
  actionpack (4.2.3) lib/action_dispatch/middleware/params_parser.rb:27:in `call'
  actionpack (4.2.3) lib/action_dispatch/middleware/flash.rb:260:in `call'
  rack (1.6.4) lib/rack/session/abstract/id.rb:225:in `context'
  rack (1.6.4) lib/rack/session/abstract/id.rb:220:in `call'
  actionpack (4.2.3) lib/action_dispatch/middleware/cookies.rb:560:in `call'
  activerecord (4.2.3) lib/active_record/query_cache.rb:36:in `call'
  activerecord (4.2.3) lib/active_record/connection_adapters/abstract/connection_pool.rb:653:in `call'
  activerecord (4.2.3) lib/active_record/migration.rb:377:in `call'
  actionpack (4.2.3) lib/action_dispatch/middleware/callbacks.rb:29:in `block in call'
  activesupport (4.2.3) lib/active_support/callbacks.rb:84:in `run_callbacks'
  actionpack (4.2.3) lib/action_dispatch/middleware/callbacks.rb:27:in `call'
  actionpack (4.2.3) lib/action_dispatch/middleware/reloader.rb:73:in `call'
  actionpack (4.2.3) lib/action_dispatch/middleware/remote_ip.rb:78:in `call'
  actionpack (4.2.3) lib/action_dispatch/middleware/debug_exceptions.rb:17:in `call'
  web-console (2.2.1) lib/web_console/middleware.rb:39:in `call'
  actionpack (4.2.3) lib/action_dispatch/middleware/show_exceptions.rb:30:in `call'
  railties (4.2.3) lib/rails/rack/logger.rb:38:in `call_app'
  railties (4.2.3) lib/rails/rack/logger.rb:20:in `block in call'
  activesupport (4.2.3) lib/active_support/tagged_logging.rb:68:in `block in tagged'
  activesupport (4.2.3) lib/active_support/tagged_logging.rb:26:in `tagged'
  activesupport (4.2.3) lib/active_support/tagged_logging.rb:68:in `tagged'
  railties (4.2.3) lib/rails/rack/logger.rb:20:in `call'
  actionpack (4.2.3) lib/action_dispatch/middleware/request_id.rb:21:in `call'
  rack (1.6.4) lib/rack/methodoverride.rb:22:in `call'
  rack (1.6.4) lib/rack/runtime.rb:18:in `call'
  activesupport (4.2.3) lib/active_support/cache/strategy/local_cache_middleware.rb:28:in `call'
  rack (1.6.4) lib/rack/lock.rb:17:in `call'
  actionpack (4.2.3) lib/action_dispatch/middleware/static.rb:116:in `call'
  rack (1.6.4) lib/rack/sendfile.rb:113:in `call'
  railties (4.2.3) lib/rails/engine.rb:518:in `call'
  railties (4.2.3) lib/rails/application.rb:165:in `call'
  rack (1.6.4) lib/rack/lock.rb:17:in `call'
  rack (1.6.4) lib/rack/content_length.rb:15:in `call'
  rack (1.6.4) lib/rack/handler/webrick.rb:88:in `service'
  /Users/martinaweidenbaum1/.rvm/rubies/ruby-2.3.1/lib/ruby/2.3.0/webrick/httpserver.rb:140:in `service'
  /Users/martinaweidenbaum1/.rvm/rubies/ruby-2.3.1/lib/ruby/2.3.0/webrick/httpserver.rb:96:in `run'
  /Users/martinaweidenbaum1/.rvm/rubies/ruby-2.3.1/lib/ruby/2.3.0/webrick/server.rb:296:in `block in start_thread'


  Rendered /Users/martinaweidenbaum1/.rvm/gems/ruby-2.3.1/gems/actionpack-4.2.3/lib/action_dispatch/middleware/templates/rescues/_trace.html.erb (1.7ms)
  Rendered /Users/martinaweidenbaum1/.rvm/gems/ruby-2.3.1/gems/actionpack-4.2.3/lib/action_dispatch/middleware/templates/routes/_route.html.erb (0.6ms)
  Rendered /Users/martinaweidenbaum1/.rvm/gems/ruby-2.3.1/gems/actionpack-4.2.3/lib/action_dispatch/middleware/templates/routes/_table.html.erb (0.9ms)
  Rendered /Users/martinaweidenbaum1/.rvm/gems/ruby-2.3.1/gems/actionpack-4.2.3/lib/action_dispatch/middleware/templates/rescues/_request_and_response.html.erb (1.1ms)
  Rendered /Users/martinaweidenbaum1/.rvm/gems/ruby-2.3.1/gems/actionpack-4.2.3/lib/action_dispatch/middleware/templates/rescues/routing_error.html.erb within rescues/layout (54.7ms)
  Rendered /Users/martinaweidenbaum1/.rvm/gems/ruby-2.3.1/gems/web-console-2.2.1/lib/web_console/templates/_markup.html.erb (0.3ms)
  Rendered /Users/martinaweidenbaum1/.rvm/gems/ruby-2.3.1/gems/web-console-2.2.1/lib/web_console/templates/_inner_console_markup.html.erb within layouts/inlined_string (0.3ms)
  Rendered /Users/martinaweidenbaum1/.rvm/gems/ruby-2.3.1/gems/web-console-2.2.1/lib/web_console/templates/_prompt_box_markup.html.erb within layouts/inlined_string (0.2ms)
  Rendered /Users/martinaweidenbaum1/.rvm/gems/ruby-2.3.1/gems/web-console-2.2.1/lib/web_console/templates/style.css.erb within layouts/inlined_string (0.3ms)
  Rendered /Users/martinaweidenbaum1/.rvm/gems/ruby-2.3.1/gems/web-console-2.2.1/lib/web_console/templates/console.js.erb within layouts/javascript (35.2ms)
  Rendered /Users/martinaweidenbaum1/.rvm/gems/ruby-2.3.1/gems/web-console-2.2.1/lib/web_console/templates/main.js.erb within layouts/javascript (0.3ms)
  Rendered /Users/martinaweidenbaum1/.rvm/gems/ruby-2.3.1/gems/web-console-2.2.1/lib/web_console/templates/error_page.js.erb within layouts/javascript (0.3ms)
  Rendered /Users/martinaweidenbaum1/.rvm/gems/ruby-2.3.1/gems/web-console-2.2.1/lib/web_console/templates/index.html.erb (78.4ms)


Started GET "/hello_world" for ::1 at 2017-08-11 13:37:54 -0400

ActionController::RoutingError (uninitialized constant ViewsController):
  activesupport (4.2.3) lib/active_support/inflector/methods.rb:261:in `const_get'
  activesupport (4.2.3) lib/active_support/inflector/methods.rb:261:in `block in constantize'
  activesupport (4.2.3) lib/active_support/inflector/methods.rb:259:in `each'
  activesupport (4.2.3) lib/active_support/inflector/methods.rb:259:in `inject'
  activesupport (4.2.3) lib/active_support/inflector/methods.rb:259:in `constantize'
  actionpack (4.2.3) lib/action_dispatch/routing/route_set.rb:72:in `controller_reference'
  actionpack (4.2.3) lib/action_dispatch/routing/route_set.rb:62:in `controller'
  actionpack (4.2.3) lib/action_dispatch/routing/route_set.rb:41:in `serve'
  actionpack (4.2.3) lib/action_dispatch/journey/router.rb:43:in `block in serve'
  actionpack (4.2.3) lib/action_dispatch/journey/router.rb:30:in `each'
  actionpack (4.2.3) lib/action_dispatch/journey/router.rb:30:in `serve'
  actionpack (4.2.3) lib/action_dispatch/routing/route_set.rb:821:in `call'
  rack (1.6.4) lib/rack/etag.rb:24:in `call'
  rack (1.6.4) lib/rack/conditionalget.rb:25:in `call'
  rack (1.6.4) lib/rack/head.rb:13:in `call'
  actionpack (4.2.3) lib/action_dispatch/middleware/params_parser.rb:27:in `call'
  actionpack (4.2.3) lib/action_dispatch/middleware/flash.rb:260:in `call'
  rack (1.6.4) lib/rack/session/abstract/id.rb:225:in `context'
  rack (1.6.4) lib/rack/session/abstract/id.rb:220:in `call'
  actionpack (4.2.3) lib/action_dispatch/middleware/cookies.rb:560:in `call'
  activerecord (4.2.3) lib/active_record/query_cache.rb:36:in `call'
  activerecord (4.2.3) lib/active_record/connection_adapters/abstract/connection_pool.rb:653:in `call'
  activerecord (4.2.3) lib/active_record/migration.rb:377:in `call'
  actionpack (4.2.3) lib/action_dispatch/middleware/callbacks.rb:29:in `block in call'
  activesupport (4.2.3) lib/active_support/callbacks.rb:84:in `run_callbacks'
  actionpack (4.2.3) lib/action_dispatch/middleware/callbacks.rb:27:in `call'
  actionpack (4.2.3) lib/action_dispatch/middleware/reloader.rb:73:in `call'
  actionpack (4.2.3) lib/action_dispatch/middleware/remote_ip.rb:78:in `call'
  actionpack (4.2.3) lib/action_dispatch/middleware/debug_exceptions.rb:17:in `call'
  web-console (2.2.1) lib/web_console/middleware.rb:39:in `call'
  actionpack (4.2.3) lib/action_dispatch/middleware/show_exceptions.rb:30:in `call'
  railties (4.2.3) lib/rails/rack/logger.rb:38:in `call_app'
  railties (4.2.3) lib/rails/rack/logger.rb:20:in `block in call'
  activesupport (4.2.3) lib/active_support/tagged_logging.rb:68:in `block in tagged'
  activesupport (4.2.3) lib/active_support/tagged_logging.rb:26:in `tagged'
  activesupport (4.2.3) lib/active_support/tagged_logging.rb:68:in `tagged'
  railties (4.2.3) lib/rails/rack/logger.rb:20:in `call'
  actionpack (4.2.3) lib/action_dispatch/middleware/request_id.rb:21:in `call'
  rack (1.6.4) lib/rack/methodoverride.rb:22:in `call'
  rack (1.6.4) lib/rack/runtime.rb:18:in `call'
  activesupport (4.2.3) lib/active_support/cache/strategy/local_cache_middleware.rb:28:in `call'
  rack (1.6.4) lib/rack/lock.rb:17:in `call'
  actionpack (4.2.3) lib/action_dispatch/middleware/static.rb:116:in `call'
  rack (1.6.4) lib/rack/sendfile.rb:113:in `call'
  railties (4.2.3) lib/rails/engine.rb:518:in `call'
  railties (4.2.3) lib/rails/application.rb:165:in `call'
  rack (1.6.4) lib/rack/lock.rb:17:in `call'
  rack (1.6.4) lib/rack/content_length.rb:15:in `call'
  rack (1.6.4) lib/rack/handler/webrick.rb:88:in `service'
  /Users/martinaweidenbaum1/.rvm/rubies/ruby-2.3.1/lib/ruby/2.3.0/webrick/httpserver.rb:140:in `service'
  /Users/martinaweidenbaum1/.rvm/rubies/ruby-2.3.1/lib/ruby/2.3.0/webrick/httpserver.rb:96:in `run'
  /Users/martinaweidenbaum1/.rvm/rubies/ruby-2.3.1/lib/ruby/2.3.0/webrick/server.rb:296:in `block in start_thread'


  Rendered /Users/martinaweidenbaum1/.rvm/gems/ruby-2.3.1/gems/actionpack-4.2.3/lib/action_dispatch/middleware/templates/rescues/_trace.html.erb (1.1ms)
  Rendered /Users/martinaweidenbaum1/.rvm/gems/ruby-2.3.1/gems/actionpack-4.2.3/lib/action_dispatch/middleware/templates/routes/_route.html.erb (0.7ms)
  Rendered /Users/martinaweidenbaum1/.rvm/gems/ruby-2.3.1/gems/actionpack-4.2.3/lib/action_dispatch/middleware/templates/routes/_table.html.erb (0.9ms)
  Rendered /Users/martinaweidenbaum1/.rvm/gems/ruby-2.3.1/gems/actionpack-4.2.3/lib/action_dispatch/middleware/templates/rescues/_request_and_response.html.erb (0.8ms)
  Rendered /Users/martinaweidenbaum1/.rvm/gems/ruby-2.3.1/gems/actionpack-4.2.3/lib/action_dispatch/middleware/templates/rescues/routing_error.html.erb within rescues/layout (53.2ms)
  Rendered /Users/martinaweidenbaum1/.rvm/gems/ruby-2.3.1/gems/web-console-2.2.1/lib/web_console/templates/_markup.html.erb (0.3ms)
  Rendered /Users/martinaweidenbaum1/.rvm/gems/ruby-2.3.1/gems/web-console-2.2.1/lib/web_console/templates/_inner_console_markup.html.erb within layouts/inlined_string (0.3ms)
  Rendered /Users/martinaweidenbaum1/.rvm/gems/ruby-2.3.1/gems/web-console-2.2.1/lib/web_console/templates/_prompt_box_markup.html.erb within layouts/inlined_string (0.3ms)
  Rendered /Users/martinaweidenbaum1/.rvm/gems/ruby-2.3.1/gems/web-console-2.2.1/lib/web_console/templates/style.css.erb within layouts/inlined_string (0.3ms)
  Rendered /Users/martinaweidenbaum1/.rvm/gems/ruby-2.3.1/gems/web-console-2.2.1/lib/web_console/templates/console.js.erb within layouts/javascript (36.6ms)
  Rendered /Users/martinaweidenbaum1/.rvm/gems/ruby-2.3.1/gems/web-console-2.2.1/lib/web_console/templates/main.js.erb within layouts/javascript (0.3ms)
  Rendered /Users/martinaweidenbaum1/.rvm/gems/ruby-2.3.1/gems/web-console-2.2.1/lib/web_console/templates/error_page.js.erb within layouts/javascript (0.5ms)
  Rendered /Users/martinaweidenbaum1/.rvm/gems/ruby-2.3.1/gems/web-console-2.2.1/lib/web_console/templates/index.html.erb (81.9ms)


Started GET "/hello_world" for ::1 at 2017-08-11 13:39:14 -0400

ActionController::RoutingError (uninitialized constant ViewsController):
  activesupport (4.2.3) lib/active_support/inflector/methods.rb:261:in `const_get'
  activesupport (4.2.3) lib/active_support/inflector/methods.rb:261:in `block in constantize'
  activesupport (4.2.3) lib/active_support/inflector/methods.rb:259:in `each'
  activesupport (4.2.3) lib/active_support/inflector/methods.rb:259:in `inject'
  activesupport (4.2.3) lib/active_support/inflector/methods.rb:259:in `constantize'
  actionpack (4.2.3) lib/action_dispatch/routing/route_set.rb:72:in `controller_reference'
  actionpack (4.2.3) lib/action_dispatch/routing/route_set.rb:62:in `controller'
  actionpack (4.2.3) lib/action_dispatch/routing/route_set.rb:41:in `serve'
  actionpack (4.2.3) lib/action_dispatch/journey/router.rb:43:in `block in serve'
  actionpack (4.2.3) lib/action_dispatch/journey/router.rb:30:in `each'
  actionpack (4.2.3) lib/action_dispatch/journey/router.rb:30:in `serve'
  actionpack (4.2.3) lib/action_dispatch/routing/route_set.rb:821:in `call'
  rack (1.6.4) lib/rack/etag.rb:24:in `call'
  rack (1.6.4) lib/rack/conditionalget.rb:25:in `call'
  rack (1.6.4) lib/rack/head.rb:13:in `call'
  actionpack (4.2.3) lib/action_dispatch/middleware/params_parser.rb:27:in `call'
  actionpack (4.2.3) lib/action_dispatch/middleware/flash.rb:260:in `call'
  rack (1.6.4) lib/rack/session/abstract/id.rb:225:in `context'
  rack (1.6.4) lib/rack/session/abstract/id.rb:220:in `call'
  actionpack (4.2.3) lib/action_dispatch/middleware/cookies.rb:560:in `call'
  activerecord (4.2.3) lib/active_record/query_cache.rb:36:in `call'
  activerecord (4.2.3) lib/active_record/connection_adapters/abstract/connection_pool.rb:653:in `call'
  activerecord (4.2.3) lib/active_record/migration.rb:377:in `call'
  actionpack (4.2.3) lib/action_dispatch/middleware/callbacks.rb:29:in `block in call'
  activesupport (4.2.3) lib/active_support/callbacks.rb:84:in `run_callbacks'
  actionpack (4.2.3) lib/action_dispatch/middleware/callbacks.rb:27:in `call'
  actionpack (4.2.3) lib/action_dispatch/middleware/reloader.rb:73:in `call'
  actionpack (4.2.3) lib/action_dispatch/middleware/remote_ip.rb:78:in `call'
  actionpack (4.2.3) lib/action_dispatch/middleware/debug_exceptions.rb:17:in `call'
  web-console (2.2.1) lib/web_console/middleware.rb:39:in `call'
  actionpack (4.2.3) lib/action_dispatch/middleware/show_exceptions.rb:30:in `call'
  railties (4.2.3) lib/rails/rack/logger.rb:38:in `call_app'
  railties (4.2.3) lib/rails/rack/logger.rb:20:in `block in call'
  activesupport (4.2.3) lib/active_support/tagged_logging.rb:68:in `block in tagged'
  activesupport (4.2.3) lib/active_support/tagged_logging.rb:26:in `tagged'
  activesupport (4.2.3) lib/active_support/tagged_logging.rb:68:in `tagged'
  railties (4.2.3) lib/rails/rack/logger.rb:20:in `call'
  actionpack (4.2.3) lib/action_dispatch/middleware/request_id.rb:21:in `call'
  rack (1.6.4) lib/rack/methodoverride.rb:22:in `call'
  rack (1.6.4) lib/rack/runtime.rb:18:in `call'
  activesupport (4.2.3) lib/active_support/cache/strategy/local_cache_middleware.rb:28:in `call'
  rack (1.6.4) lib/rack/lock.rb:17:in `call'
  actionpack (4.2.3) lib/action_dispatch/middleware/static.rb:116:in `call'
  rack (1.6.4) lib/rack/sendfile.rb:113:in `call'
  railties (4.2.3) lib/rails/engine.rb:518:in `call'
  railties (4.2.3) lib/rails/application.rb:165:in `call'
  rack (1.6.4) lib/rack/lock.rb:17:in `call'
  rack (1.6.4) lib/rack/content_length.rb:15:in `call'
  rack (1.6.4) lib/rack/handler/webrick.rb:88:in `service'
  /Users/martinaweidenbaum1/.rvm/rubies/ruby-2.3.1/lib/ruby/2.3.0/webrick/httpserver.rb:140:in `service'
  /Users/martinaweidenbaum1/.rvm/rubies/ruby-2.3.1/lib/ruby/2.3.0/webrick/httpserver.rb:96:in `run'
  /Users/martinaweidenbaum1/.rvm/rubies/ruby-2.3.1/lib/ruby/2.3.0/webrick/server.rb:296:in `block in start_thread'


  Rendered /Users/martinaweidenbaum1/.rvm/gems/ruby-2.3.1/gems/actionpack-4.2.3/lib/action_dispatch/middleware/templates/rescues/_trace.html.erb (1.7ms)
  Rendered /Users/martinaweidenbaum1/.rvm/gems/ruby-2.3.1/gems/actionpack-4.2.3/lib/action_dispatch/middleware/templates/routes/_route.html.erb (0.6ms)
  Rendered /Users/martinaweidenbaum1/.rvm/gems/ruby-2.3.1/gems/actionpack-4.2.3/lib/action_dispatch/middleware/templates/routes/_table.html.erb (1.2ms)
  Rendered /Users/martinaweidenbaum1/.rvm/gems/ruby-2.3.1/gems/actionpack-4.2.3/lib/action_dispatch/middleware/templates/rescues/_request_and_response.html.erb (1.3ms)
  Rendered /Users/martinaweidenbaum1/.rvm/gems/ruby-2.3.1/gems/actionpack-4.2.3/lib/action_dispatch/middleware/templates/rescues/routing_error.html.erb within rescues/layout (56.9ms)
  Rendered /Users/martinaweidenbaum1/.rvm/gems/ruby-2.3.1/gems/web-console-2.2.1/lib/web_console/templates/_markup.html.erb (0.6ms)
  Rendered /Users/martinaweidenbaum1/.rvm/gems/ruby-2.3.1/gems/web-console-2.2.1/lib/web_console/templates/_inner_console_markup.html.erb within layouts/inlined_string (0.4ms)
  Rendered /Users/martinaweidenbaum1/.rvm/gems/ruby-2.3.1/gems/web-console-2.2.1/lib/web_console/templates/_prompt_box_markup.html.erb within layouts/inlined_string (0.2ms)
  Rendered /Users/martinaweidenbaum1/.rvm/gems/ruby-2.3.1/gems/web-console-2.2.1/lib/web_console/templates/style.css.erb within layouts/inlined_string (0.4ms)
  Rendered /Users/martinaweidenbaum1/.rvm/gems/ruby-2.3.1/gems/web-console-2.2.1/lib/web_console/templates/console.js.erb within layouts/javascript (39.1ms)
  Rendered /Users/martinaweidenbaum1/.rvm/gems/ruby-2.3.1/gems/web-console-2.2.1/lib/web_console/templates/main.js.erb within layouts/javascript (0.3ms)
  Rendered /Users/martinaweidenbaum1/.rvm/gems/ruby-2.3.1/gems/web-console-2.2.1/lib/web_console/templates/error_page.js.erb within layouts/javascript (0.3ms)
  Rendered /Users/martinaweidenbaum1/.rvm/gems/ruby-2.3.1/gems/web-console-2.2.1/lib/web_console/templates/index.html.erb (85.0ms)


Started GET "/hello_world" for ::1 at 2017-08-11 13:41:37 -0400

ActionController::RoutingError (uninitialized constant ViewsController):
  activesupport (4.2.3) lib/active_support/inflector/methods.rb:261:in `const_get'
  activesupport (4.2.3) lib/active_support/inflector/methods.rb:261:in `block in constantize'
  activesupport (4.2.3) lib/active_support/inflector/methods.rb:259:in `each'
  activesupport (4.2.3) lib/active_support/inflector/methods.rb:259:in `inject'
  activesupport (4.2.3) lib/active_support/inflector/methods.rb:259:in `constantize'
  actionpack (4.2.3) lib/action_dispatch/routing/route_set.rb:72:in `controller_reference'
  actionpack (4.2.3) lib/action_dispatch/routing/route_set.rb:62:in `controller'
  actionpack (4.2.3) lib/action_dispatch/routing/route_set.rb:41:in `serve'
  actionpack (4.2.3) lib/action_dispatch/journey/router.rb:43:in `block in serve'
  actionpack (4.2.3) lib/action_dispatch/journey/router.rb:30:in `each'
  actionpack (4.2.3) lib/action_dispatch/journey/router.rb:30:in `serve'
  actionpack (4.2.3) lib/action_dispatch/routing/route_set.rb:821:in `call'
  rack (1.6.4) lib/rack/etag.rb:24:in `call'
  rack (1.6.4) lib/rack/conditionalget.rb:25:in `call'
  rack (1.6.4) lib/rack/head.rb:13:in `call'
  actionpack (4.2.3) lib/action_dispatch/middleware/params_parser.rb:27:in `call'
  actionpack (4.2.3) lib/action_dispatch/middleware/flash.rb:260:in `call'
  rack (1.6.4) lib/rack/session/abstract/id.rb:225:in `context'
  rack (1.6.4) lib/rack/session/abstract/id.rb:220:in `call'
  actionpack (4.2.3) lib/action_dispatch/middleware/cookies.rb:560:in `call'
  activerecord (4.2.3) lib/active_record/query_cache.rb:36:in `call'
  activerecord (4.2.3) lib/active_record/connection_adapters/abstract/connection_pool.rb:653:in `call'
  activerecord (4.2.3) lib/active_record/migration.rb:377:in `call'
  actionpack (4.2.3) lib/action_dispatch/middleware/callbacks.rb:29:in `block in call'
  activesupport (4.2.3) lib/active_support/callbacks.rb:84:in `run_callbacks'
  actionpack (4.2.3) lib/action_dispatch/middleware/callbacks.rb:27:in `call'
  actionpack (4.2.3) lib/action_dispatch/middleware/reloader.rb:73:in `call'
  actionpack (4.2.3) lib/action_dispatch/middleware/remote_ip.rb:78:in `call'
  actionpack (4.2.3) lib/action_dispatch/middleware/debug_exceptions.rb:17:in `call'
  web-console (2.2.1) lib/web_console/middleware.rb:39:in `call'
  actionpack (4.2.3) lib/action_dispatch/middleware/show_exceptions.rb:30:in `call'
  railties (4.2.3) lib/rails/rack/logger.rb:38:in `call_app'
  railties (4.2.3) lib/rails/rack/logger.rb:20:in `block in call'
  activesupport (4.2.3) lib/active_support/tagged_logging.rb:68:in `block in tagged'
  activesupport (4.2.3) lib/active_support/tagged_logging.rb:26:in `tagged'
  activesupport (4.2.3) lib/active_support/tagged_logging.rb:68:in `tagged'
  railties (4.2.3) lib/rails/rack/logger.rb:20:in `call'
  actionpack (4.2.3) lib/action_dispatch/middleware/request_id.rb:21:in `call'
  rack (1.6.4) lib/rack/methodoverride.rb:22:in `call'
  rack (1.6.4) lib/rack/runtime.rb:18:in `call'
  activesupport (4.2.3) lib/active_support/cache/strategy/local_cache_middleware.rb:28:in `call'
  rack (1.6.4) lib/rack/lock.rb:17:in `call'
  actionpack (4.2.3) lib/action_dispatch/middleware/static.rb:116:in `call'
  rack (1.6.4) lib/rack/sendfile.rb:113:in `call'
  railties (4.2.3) lib/rails/engine.rb:518:in `call'
  railties (4.2.3) lib/rails/application.rb:165:in `call'
  rack (1.6.4) lib/rack/lock.rb:17:in `call'
  rack (1.6.4) lib/rack/content_length.rb:15:in `call'
  rack (1.6.4) lib/rack/handler/webrick.rb:88:in `service'
  /Users/martinaweidenbaum1/.rvm/rubies/ruby-2.3.1/lib/ruby/2.3.0/webrick/httpserver.rb:140:in `service'
  /Users/martinaweidenbaum1/.rvm/rubies/ruby-2.3.1/lib/ruby/2.3.0/webrick/httpserver.rb:96:in `run'
  /Users/martinaweidenbaum1/.rvm/rubies/ruby-2.3.1/lib/ruby/2.3.0/webrick/server.rb:296:in `block in start_thread'


  Rendered /Users/martinaweidenbaum1/.rvm/gems/ruby-2.3.1/gems/actionpack-4.2.3/lib/action_dispatch/middleware/templates/rescues/_trace.html.erb (1.7ms)
  Rendered /Users/martinaweidenbaum1/.rvm/gems/ruby-2.3.1/gems/actionpack-4.2.3/lib/action_dispatch/middleware/templates/routes/_route.html.erb (0.6ms)
  Rendered /Users/martinaweidenbaum1/.rvm/gems/ruby-2.3.1/gems/actionpack-4.2.3/lib/action_dispatch/middleware/templates/routes/_table.html.erb (1.2ms)
  Rendered /Users/martinaweidenbaum1/.rvm/gems/ruby-2.3.1/gems/actionpack-4.2.3/lib/action_dispatch/middleware/templates/rescues/_request_and_response.html.erb (1.1ms)
  Rendered /Users/martinaweidenbaum1/.rvm/gems/ruby-2.3.1/gems/actionpack-4.2.3/lib/action_dispatch/middleware/templates/rescues/routing_error.html.erb within rescues/layout (53.1ms)
  Rendered /Users/martinaweidenbaum1/.rvm/gems/ruby-2.3.1/gems/web-console-2.2.1/lib/web_console/templates/_markup.html.erb (0.4ms)
  Rendered /Users/martinaweidenbaum1/.rvm/gems/ruby-2.3.1/gems/web-console-2.2.1/lib/web_console/templates/_inner_console_markup.html.erb within layouts/inlined_string (0.3ms)
  Rendered /Users/martinaweidenbaum1/.rvm/gems/ruby-2.3.1/gems/web-console-2.2.1/lib/web_console/templates/_prompt_box_markup.html.erb within layouts/inlined_string (0.5ms)
  Rendered /Users/martinaweidenbaum1/.rvm/gems/ruby-2.3.1/gems/web-console-2.2.1/lib/web_console/templates/style.css.erb within layouts/inlined_string (0.3ms)
  Rendered /Users/martinaweidenbaum1/.rvm/gems/ruby-2.3.1/gems/web-console-2.2.1/lib/web_console/templates/console.js.erb within layouts/javascript (38.2ms)
  Rendered /Users/martinaweidenbaum1/.rvm/gems/ruby-2.3.1/gems/web-console-2.2.1/lib/web_console/templates/main.js.erb within layouts/javascript (0.2ms)
  Rendered /Users/martinaweidenbaum1/.rvm/gems/ruby-2.3.1/gems/web-console-2.2.1/lib/web_console/templates/error_page.js.erb within layouts/javascript (0.5ms)
  Rendered /Users/martinaweidenbaum1/.rvm/gems/ruby-2.3.1/gems/web-console-2.2.1/lib/web_console/templates/index.html.erb (82.6ms)


Started GET "/" for ::1 at 2017-08-11 13:47:06 -0400
Processing by Rails::WelcomeController#index as HTML
  Rendered /Users/martinaweidenbaum1/.rvm/gems/ruby-2.3.1/gems/railties-4.2.3/lib/rails/templates/rails/welcome/index.html.erb (2.0ms)
Completed 200 OK in 17ms (Views: 10.0ms | ActiveRecord: 0.0ms)


Started GET "/hello_world" for ::1 at 2017-08-11 13:47:14 -0400

ActionController::RoutingError (uninitialized constant ViewsController):
  activesupport (4.2.3) lib/active_support/inflector/methods.rb:261:in `const_get'
  activesupport (4.2.3) lib/active_support/inflector/methods.rb:261:in `block in constantize'
  activesupport (4.2.3) lib/active_support/inflector/methods.rb:259:in `each'
  activesupport (4.2.3) lib/active_support/inflector/methods.rb:259:in `inject'
  activesupport (4.2.3) lib/active_support/inflector/methods.rb:259:in `constantize'
  actionpack (4.2.3) lib/action_dispatch/routing/route_set.rb:72:in `controller_reference'
  actionpack (4.2.3) lib/action_dispatch/routing/route_set.rb:62:in `controller'
  actionpack (4.2.3) lib/action_dispatch/routing/route_set.rb:41:in `serve'
  actionpack (4.2.3) lib/action_dispatch/journey/router.rb:43:in `block in serve'
  actionpack (4.2.3) lib/action_dispatch/journey/router.rb:30:in `each'
  actionpack (4.2.3) lib/action_dispatch/journey/router.rb:30:in `serve'
  actionpack (4.2.3) lib/action_dispatch/routing/route_set.rb:821:in `call'
  rack (1.6.4) lib/rack/etag.rb:24:in `call'
  rack (1.6.4) lib/rack/conditionalget.rb:25:in `call'
  rack (1.6.4) lib/rack/head.rb:13:in `call'
  actionpack (4.2.3) lib/action_dispatch/middleware/params_parser.rb:27:in `call'
  actionpack (4.2.3) lib/action_dispatch/middleware/flash.rb:260:in `call'
  rack (1.6.4) lib/rack/session/abstract/id.rb:225:in `context'
  rack (1.6.4) lib/rack/session/abstract/id.rb:220:in `call'
  actionpack (4.2.3) lib/action_dispatch/middleware/cookies.rb:560:in `call'
  activerecord (4.2.3) lib/active_record/query_cache.rb:36:in `call'
  activerecord (4.2.3) lib/active_record/connection_adapters/abstract/connection_pool.rb:653:in `call'
  activerecord (4.2.3) lib/active_record/migration.rb:377:in `call'
  actionpack (4.2.3) lib/action_dispatch/middleware/callbacks.rb:29:in `block in call'
  activesupport (4.2.3) lib/active_support/callbacks.rb:84:in `run_callbacks'
  actionpack (4.2.3) lib/action_dispatch/middleware/callbacks.rb:27:in `call'
  actionpack (4.2.3) lib/action_dispatch/middleware/reloader.rb:73:in `call'
  actionpack (4.2.3) lib/action_dispatch/middleware/remote_ip.rb:78:in `call'
  actionpack (4.2.3) lib/action_dispatch/middleware/debug_exceptions.rb:17:in `call'
  web-console (2.2.1) lib/web_console/middleware.rb:39:in `call'
  actionpack (4.2.3) lib/action_dispatch/middleware/show_exceptions.rb:30:in `call'
  railties (4.2.3) lib/rails/rack/logger.rb:38:in `call_app'
  railties (4.2.3) lib/rails/rack/logger.rb:20:in `block in call'
  activesupport (4.2.3) lib/active_support/tagged_logging.rb:68:in `block in tagged'
  activesupport (4.2.3) lib/active_support/tagged_logging.rb:26:in `tagged'
  activesupport (4.2.3) lib/active_support/tagged_logging.rb:68:in `tagged'
  railties (4.2.3) lib/rails/rack/logger.rb:20:in `call'
  actionpack (4.2.3) lib/action_dispatch/middleware/request_id.rb:21:in `call'
  rack (1.6.4) lib/rack/methodoverride.rb:22:in `call'
  rack (1.6.4) lib/rack/runtime.rb:18:in `call'
  activesupport (4.2.3) lib/active_support/cache/strategy/local_cache_middleware.rb:28:in `call'
  rack (1.6.4) lib/rack/lock.rb:17:in `call'
  actionpack (4.2.3) lib/action_dispatch/middleware/static.rb:116:in `call'
  rack (1.6.4) lib/rack/sendfile.rb:113:in `call'
  railties (4.2.3) lib/rails/engine.rb:518:in `call'
  railties (4.2.3) lib/rails/application.rb:165:in `call'
  rack (1.6.4) lib/rack/lock.rb:17:in `call'
  rack (1.6.4) lib/rack/content_length.rb:15:in `call'
  rack (1.6.4) lib/rack/handler/webrick.rb:88:in `service'
  /Users/martinaweidenbaum1/.rvm/rubies/ruby-2.3.1/lib/ruby/2.3.0/webrick/httpserver.rb:140:in `service'
  /Users/martinaweidenbaum1/.rvm/rubies/ruby-2.3.1/lib/ruby/2.3.0/webrick/httpserver.rb:96:in `run'
  /Users/martinaweidenbaum1/.rvm/rubies/ruby-2.3.1/lib/ruby/2.3.0/webrick/server.rb:296:in `block in start_thread'


  Rendered /Users/martinaweidenbaum1/.rvm/gems/ruby-2.3.1/gems/actionpack-4.2.3/lib/action_dispatch/middleware/templates/rescues/_trace.html.erb (1.9ms)
  Rendered /Users/martinaweidenbaum1/.rvm/gems/ruby-2.3.1/gems/actionpack-4.2.3/lib/action_dispatch/middleware/templates/routes/_route.html.erb (0.5ms)
  Rendered /Users/martinaweidenbaum1/.rvm/gems/ruby-2.3.1/gems/actionpack-4.2.3/lib/action_dispatch/middleware/templates/routes/_table.html.erb (8.3ms)
  Rendered /Users/martinaweidenbaum1/.rvm/gems/ruby-2.3.1/gems/actionpack-4.2.3/lib/action_dispatch/middleware/templates/rescues/_request_and_response.html.erb (1.0ms)
  Rendered /Users/martinaweidenbaum1/.rvm/gems/ruby-2.3.1/gems/actionpack-4.2.3/lib/action_dispatch/middleware/templates/rescues/routing_error.html.erb within rescues/layout (73.8ms)
  Rendered /Users/martinaweidenbaum1/.rvm/gems/ruby-2.3.1/gems/web-console-2.2.1/lib/web_console/templates/_markup.html.erb (0.4ms)
  Rendered /Users/martinaweidenbaum1/.rvm/gems/ruby-2.3.1/gems/web-console-2.2.1/lib/web_console/templates/_inner_console_markup.html.erb within layouts/inlined_string (0.3ms)
  Rendered /Users/martinaweidenbaum1/.rvm/gems/ruby-2.3.1/gems/web-console-2.2.1/lib/web_console/templates/_prompt_box_markup.html.erb within layouts/inlined_string (0.5ms)
  Rendered /Users/martinaweidenbaum1/.rvm/gems/ruby-2.3.1/gems/web-console-2.2.1/lib/web_console/templates/style.css.erb within layouts/inlined_string (0.3ms)
  Rendered /Users/martinaweidenbaum1/.rvm/gems/ruby-2.3.1/gems/web-console-2.2.1/lib/web_console/templates/console.js.erb within layouts/javascript (41.4ms)
  Rendered /Users/martinaweidenbaum1/.rvm/gems/ruby-2.3.1/gems/web-console-2.2.1/lib/web_console/templates/main.js.erb within layouts/javascript (0.4ms)
  Rendered /Users/martinaweidenbaum1/.rvm/gems/ruby-2.3.1/gems/web-console-2.2.1/lib/web_console/templates/error_page.js.erb within layouts/javascript (0.3ms)
  Rendered /Users/martinaweidenbaum1/.rvm/gems/ruby-2.3.1/gems/web-console-2.2.1/lib/web_console/templates/index.html.erb (89.9ms)


Started GET "/hello_world" for ::1 at 2017-08-11 13:56:13 -0400

AbstractController::ActionNotFound (The action 'about' could not be found for ViewsController):
  actionpack (4.2.3) lib/abstract_controller/base.rb:132:in `process'
  actionview (4.2.3) lib/action_view/rendering.rb:30:in `process'
  actionpack (4.2.3) lib/action_controller/metal.rb:196:in `dispatch'
  actionpack (4.2.3) lib/action_controller/metal/rack_delegation.rb:13:in `dispatch'
  actionpack (4.2.3) lib/action_controller/metal.rb:237:in `block in action'
  actionpack (4.2.3) lib/action_dispatch/routing/route_set.rb:76:in `dispatch'
  actionpack (4.2.3) lib/action_dispatch/routing/route_set.rb:45:in `serve'
  actionpack (4.2.3) lib/action_dispatch/journey/router.rb:43:in `block in serve'
  actionpack (4.2.3) lib/action_dispatch/journey/router.rb:30:in `each'
  actionpack (4.2.3) lib/action_dispatch/journey/router.rb:30:in `serve'
  actionpack (4.2.3) lib/action_dispatch/routing/route_set.rb:821:in `call'
  rack (1.6.4) lib/rack/etag.rb:24:in `call'
  rack (1.6.4) lib/rack/conditionalget.rb:25:in `call'
  rack (1.6.4) lib/rack/head.rb:13:in `call'
  actionpack (4.2.3) lib/action_dispatch/middleware/params_parser.rb:27:in `call'
  actionpack (4.2.3) lib/action_dispatch/middleware/flash.rb:260:in `call'
  rack (1.6.4) lib/rack/session/abstract/id.rb:225:in `context'
  rack (1.6.4) lib/rack/session/abstract/id.rb:220:in `call'
  actionpack (4.2.3) lib/action_dispatch/middleware/cookies.rb:560:in `call'
  activerecord (4.2.3) lib/active_record/query_cache.rb:36:in `call'
  activerecord (4.2.3) lib/active_record/connection_adapters/abstract/connection_pool.rb:653:in `call'
  activerecord (4.2.3) lib/active_record/migration.rb:377:in `call'
  actionpack (4.2.3) lib/action_dispatch/middleware/callbacks.rb:29:in `block in call'
  activesupport (4.2.3) lib/active_support/callbacks.rb:84:in `run_callbacks'
  actionpack (4.2.3) lib/action_dispatch/middleware/callbacks.rb:27:in `call'
  actionpack (4.2.3) lib/action_dispatch/middleware/reloader.rb:73:in `call'
  actionpack (4.2.3) lib/action_dispatch/middleware/remote_ip.rb:78:in `call'
  actionpack (4.2.3) lib/action_dispatch/middleware/debug_exceptions.rb:17:in `call'
  web-console (2.2.1) lib/web_console/middleware.rb:39:in `call'
  actionpack (4.2.3) lib/action_dispatch/middleware/show_exceptions.rb:30:in `call'
  railties (4.2.3) lib/rails/rack/logger.rb:38:in `call_app'
  railties (4.2.3) lib/rails/rack/logger.rb:20:in `block in call'
  activesupport (4.2.3) lib/active_support/tagged_logging.rb:68:in `block in tagged'
  activesupport (4.2.3) lib/active_support/tagged_logging.rb:26:in `tagged'
  activesupport (4.2.3) lib/active_support/tagged_logging.rb:68:in `tagged'
  railties (4.2.3) lib/rails/rack/logger.rb:20:in `call'
  actionpack (4.2.3) lib/action_dispatch/middleware/request_id.rb:21:in `call'
  rack (1.6.4) lib/rack/methodoverride.rb:22:in `call'
  rack (1.6.4) lib/rack/runtime.rb:18:in `call'
  activesupport (4.2.3) lib/active_support/cache/strategy/local_cache_middleware.rb:28:in `call'
  rack (1.6.4) lib/rack/lock.rb:17:in `call'
  actionpack (4.2.3) lib/action_dispatch/middleware/static.rb:116:in `call'
  rack (1.6.4) lib/rack/sendfile.rb:113:in `call'
  railties (4.2.3) lib/rails/engine.rb:518:in `call'
  railties (4.2.3) lib/rails/application.rb:165:in `call'
  rack (1.6.4) lib/rack/lock.rb:17:in `call'
  rack (1.6.4) lib/rack/content_length.rb:15:in `call'
  rack (1.6.4) lib/rack/handler/webrick.rb:88:in `service'
  /Users/martinaweidenbaum1/.rvm/rubies/ruby-2.3.1/lib/ruby/2.3.0/webrick/httpserver.rb:140:in `service'
  /Users/martinaweidenbaum1/.rvm/rubies/ruby-2.3.1/lib/ruby/2.3.0/webrick/httpserver.rb:96:in `run'
  /Users/martinaweidenbaum1/.rvm/rubies/ruby-2.3.1/lib/ruby/2.3.0/webrick/server.rb:296:in `block in start_thread'


  Rendered /Users/martinaweidenbaum1/.rvm/gems/ruby-2.3.1/gems/actionpack-4.2.3/lib/action_dispatch/middleware/templates/rescues/unknown_action.html.erb within rescues/layout (0.5ms)
  Rendered /Users/martinaweidenbaum1/.rvm/gems/ruby-2.3.1/gems/web-console-2.2.1/lib/web_console/templates/_markup.html.erb (0.5ms)
  Rendered /Users/martinaweidenbaum1/.rvm/gems/ruby-2.3.1/gems/web-console-2.2.1/lib/web_console/templates/_inner_console_markup.html.erb within layouts/inlined_string (0.3ms)
  Rendered /Users/martinaweidenbaum1/.rvm/gems/ruby-2.3.1/gems/web-console-2.2.1/lib/web_console/templates/_prompt_box_markup.html.erb within layouts/inlined_string (0.3ms)
  Rendered /Users/martinaweidenbaum1/.rvm/gems/ruby-2.3.1/gems/web-console-2.2.1/lib/web_console/templates/style.css.erb within layouts/inlined_string (0.3ms)
  Rendered /Users/martinaweidenbaum1/.rvm/gems/ruby-2.3.1/gems/web-console-2.2.1/lib/web_console/templates/console.js.erb within layouts/javascript (39.1ms)
  Rendered /Users/martinaweidenbaum1/.rvm/gems/ruby-2.3.1/gems/web-console-2.2.1/lib/web_console/templates/main.js.erb within layouts/javascript (0.3ms)
  Rendered /Users/martinaweidenbaum1/.rvm/gems/ruby-2.3.1/gems/web-console-2.2.1/lib/web_console/templates/error_page.js.erb within layouts/javascript (0.3ms)
  Rendered /Users/martinaweidenbaum1/.rvm/gems/ruby-2.3.1/gems/web-console-2.2.1/lib/web_console/templates/index.html.erb (87.4ms)


Started GET "/hello_world" for ::1 at 2017-08-11 13:57:54 -0400

ActionController::RoutingError (uninitialized constant ViewsController):
  activesupport (4.2.3) lib/active_support/inflector/methods.rb:261:in `const_get'
  activesupport (4.2.3) lib/active_support/inflector/methods.rb:261:in `block in constantize'
  activesupport (4.2.3) lib/active_support/inflector/methods.rb:259:in `each'
  activesupport (4.2.3) lib/active_support/inflector/methods.rb:259:in `inject'
  activesupport (4.2.3) lib/active_support/inflector/methods.rb:259:in `constantize'
  actionpack (4.2.3) lib/action_dispatch/routing/route_set.rb:72:in `controller_reference'
  actionpack (4.2.3) lib/action_dispatch/routing/route_set.rb:62:in `controller'
  actionpack (4.2.3) lib/action_dispatch/routing/route_set.rb:41:in `serve'
  actionpack (4.2.3) lib/action_dispatch/journey/router.rb:43:in `block in serve'
  actionpack (4.2.3) lib/action_dispatch/journey/router.rb:30:in `each'
  actionpack (4.2.3) lib/action_dispatch/journey/router.rb:30:in `serve'
  actionpack (4.2.3) lib/action_dispatch/routing/route_set.rb:821:in `call'
  rack (1.6.4) lib/rack/etag.rb:24:in `call'
  rack (1.6.4) lib/rack/conditionalget.rb:25:in `call'
  rack (1.6.4) lib/rack/head.rb:13:in `call'
  actionpack (4.2.3) lib/action_dispatch/middleware/params_parser.rb:27:in `call'
  actionpack (4.2.3) lib/action_dispatch/middleware/flash.rb:260:in `call'
  rack (1.6.4) lib/rack/session/abstract/id.rb:225:in `context'
  rack (1.6.4) lib/rack/session/abstract/id.rb:220:in `call'
  actionpack (4.2.3) lib/action_dispatch/middleware/cookies.rb:560:in `call'
  activerecord (4.2.3) lib/active_record/query_cache.rb:36:in `call'
  activerecord (4.2.3) lib/active_record/connection_adapters/abstract/connection_pool.rb:653:in `call'
  activerecord (4.2.3) lib/active_record/migration.rb:377:in `call'
  actionpack (4.2.3) lib/action_dispatch/middleware/callbacks.rb:29:in `block in call'
  activesupport (4.2.3) lib/active_support/callbacks.rb:84:in `run_callbacks'
  actionpack (4.2.3) lib/action_dispatch/middleware/callbacks.rb:27:in `call'
  actionpack (4.2.3) lib/action_dispatch/middleware/reloader.rb:73:in `call'
  actionpack (4.2.3) lib/action_dispatch/middleware/remote_ip.rb:78:in `call'
  actionpack (4.2.3) lib/action_dispatch/middleware/debug_exceptions.rb:17:in `call'
  web-console (2.2.1) lib/web_console/middleware.rb:39:in `call'
  actionpack (4.2.3) lib/action_dispatch/middleware/show_exceptions.rb:30:in `call'
  railties (4.2.3) lib/rails/rack/logger.rb:38:in `call_app'
  railties (4.2.3) lib/rails/rack/logger.rb:20:in `block in call'
  activesupport (4.2.3) lib/active_support/tagged_logging.rb:68:in `block in tagged'
  activesupport (4.2.3) lib/active_support/tagged_logging.rb:26:in `tagged'
  activesupport (4.2.3) lib/active_support/tagged_logging.rb:68:in `tagged'
  railties (4.2.3) lib/rails/rack/logger.rb:20:in `call'
  actionpack (4.2.3) lib/action_dispatch/middleware/request_id.rb:21:in `call'
  rack (1.6.4) lib/rack/methodoverride.rb:22:in `call'
  rack (1.6.4) lib/rack/runtime.rb:18:in `call'
  activesupport (4.2.3) lib/active_support/cache/strategy/local_cache_middleware.rb:28:in `call'
  rack (1.6.4) lib/rack/lock.rb:17:in `call'
  actionpack (4.2.3) lib/action_dispatch/middleware/static.rb:116:in `call'
  rack (1.6.4) lib/rack/sendfile.rb:113:in `call'
  railties (4.2.3) lib/rails/engine.rb:518:in `call'
  railties (4.2.3) lib/rails/application.rb:165:in `call'
  rack (1.6.4) lib/rack/lock.rb:17:in `call'
  rack (1.6.4) lib/rack/content_length.rb:15:in `call'
  rack (1.6.4) lib/rack/handler/webrick.rb:88:in `service'
  /Users/martinaweidenbaum1/.rvm/rubies/ruby-2.3.1/lib/ruby/2.3.0/webrick/httpserver.rb:140:in `service'
  /Users/martinaweidenbaum1/.rvm/rubies/ruby-2.3.1/lib/ruby/2.3.0/webrick/httpserver.rb:96:in `run'
  /Users/martinaweidenbaum1/.rvm/rubies/ruby-2.3.1/lib/ruby/2.3.0/webrick/server.rb:296:in `block in start_thread'


  Rendered /Users/martinaweidenbaum1/.rvm/gems/ruby-2.3.1/gems/actionpack-4.2.3/lib/action_dispatch/middleware/templates/rescues/_trace.html.erb (1.3ms)
  Rendered /Users/martinaweidenbaum1/.rvm/gems/ruby-2.3.1/gems/actionpack-4.2.3/lib/action_dispatch/middleware/templates/routes/_route.html.erb (0.7ms)
  Rendered /Users/martinaweidenbaum1/.rvm/gems/ruby-2.3.1/gems/actionpack-4.2.3/lib/action_dispatch/middleware/templates/routes/_table.html.erb (0.9ms)
  Rendered /Users/martinaweidenbaum1/.rvm/gems/ruby-2.3.1/gems/actionpack-4.2.3/lib/action_dispatch/middleware/templates/rescues/_request_and_response.html.erb (1.1ms)
  Rendered /Users/martinaweidenbaum1/.rvm/gems/ruby-2.3.1/gems/actionpack-4.2.3/lib/action_dispatch/middleware/templates/rescues/routing_error.html.erb within rescues/layout (54.4ms)
  Rendered /Users/martinaweidenbaum1/.rvm/gems/ruby-2.3.1/gems/web-console-2.2.1/lib/web_console/templates/_markup.html.erb (0.3ms)
  Rendered /Users/martinaweidenbaum1/.rvm/gems/ruby-2.3.1/gems/web-console-2.2.1/lib/web_console/templates/_inner_console_markup.html.erb within layouts/inlined_string (0.4ms)
  Rendered /Users/martinaweidenbaum1/.rvm/gems/ruby-2.3.1/gems/web-console-2.2.1/lib/web_console/templates/_prompt_box_markup.html.erb within layouts/inlined_string (0.3ms)
  Rendered /Users/martinaweidenbaum1/.rvm/gems/ruby-2.3.1/gems/web-console-2.2.1/lib/web_console/templates/style.css.erb within layouts/inlined_string (0.3ms)
  Rendered /Users/martinaweidenbaum1/.rvm/gems/ruby-2.3.1/gems/web-console-2.2.1/lib/web_console/templates/console.js.erb within layouts/javascript (39.9ms)
  Rendered /Users/martinaweidenbaum1/.rvm/gems/ruby-2.3.1/gems/web-console-2.2.1/lib/web_console/templates/main.js.erb within layouts/javascript (0.2ms)
  Rendered /Users/martinaweidenbaum1/.rvm/gems/ruby-2.3.1/gems/web-console-2.2.1/lib/web_console/templates/error_page.js.erb within layouts/javascript (0.3ms)
  Rendered /Users/martinaweidenbaum1/.rvm/gems/ruby-2.3.1/gems/web-console-2.2.1/lib/web_console/templates/index.html.erb (84.3ms)


Started GET "/hello_world" for ::1 at 2017-08-11 13:58:51 -0400
Processing by StaticController#hello_world as HTML
  Rendered static/hello_world.html.erb within layouts/application (0.2ms)
Completed 200 OK in 1443ms (Views: 1442.7ms | ActiveRecord: 0.0ms)


Started GET "/assets/application.self-e80e8f2318043e8af94dddc2adad5a4f09739a8ebb323b3ab31cd71d45fd9113.css?body=1" for ::1 at 2017-08-11 13:58:53 -0400


Started GET "/assets/jquery_ujs.self-d456baa54c1fa6be2ec3711f0a72ddf7a5b2f34a6b4f515f33767d6207b7d4b3.js?body=1" for ::1 at 2017-08-11 13:58:53 -0400


Started GET "/assets/jquery.self-a714331225dda820228db323939889f149aec0127aeb06255646b616ba1ca419.js?body=1" for ::1 at 2017-08-11 13:58:53 -0400


Started GET "/assets/turbolinks.self-c37727e9bd6b2735da5c311aa83fead54ed0be6cc8bd9a65309e9c5abe2cbfff.js?body=1" for ::1 at 2017-08-11 13:58:53 -0400


Started GET "/assets/application.self-3b8dabdc891efe46b9a144b400ad69e37d7e5876bdc39dee783419a69d7ca819.js?body=1" for ::1 at 2017-08-11 13:58:53 -0400
